2019-08-03 08:19:40 [main] INFO  TestBase:47 - Report path: /Users/ruslanbaltabayev/Desktop/Java Programs/Spring2019FinalTestNGFramework/test-output/reports/08_03_2019/report.html
2019-08-03 08:19:42 [main] INFO  TestBase:71 - URL: http://qa2.vytrack.com/user/login
2019-08-03 08:19:56 [main] INFO  TestBase:71 - URL: http://qa2.vytrack.com/user/login
2019-08-03 08:20:11 [main] INFO  TestBase:71 - URL: http://qa2.vytrack.com/user/login
2019-08-03 08:20:26 [main] INFO  TestBase:71 - URL: http://qa2.vytrack.com/user/login
2019-08-03 08:20:29 [main] INFO  TestBase:71 - URL: http://qa2.vytrack.com/user/login
2019-08-03 08:20:30 [main] INFO  TestBase:109 - :: FLUSHING REPORT ::
2019-08-03 08:21:06 [main] INFO  TestBase:47 - Report path: /Users/ruslanbaltabayev/Desktop/Java Programs/Spring2019FinalTestNGFramework/test-output/reports/08_03_2019/report.html
2019-08-03 08:21:06 [main] INFO  TestBase:109 - :: FLUSHING REPORT ::
2019-08-03 08:29:02 [main] INFO  TestBase:47 - Report path: /Users/ruslanbaltabayev/Desktop/Java Programs/Spring2019FinalTestNGFramework/test-output/reports/08_03_2019/report.html
2019-08-03 08:29:04 [main] INFO  TestBase:71 - URL: http://qa2.vytrack.com/user/login
2019-08-03 08:29:19 [main] INFO  TestBase:71 - URL: http://qa2.vytrack.com/user/login
2019-08-03 08:29:37 [main] INFO  TestBase:71 - URL: http://qa2.vytrack.com/user/login
2019-08-03 08:29:56 [main] INFO  TestBase:71 - URL: http://qa2.vytrack.com/user/login
2019-08-03 08:30:01 [main] INFO  TestBase:71 - URL: http://qa2.vytrack.com/user/login
2019-08-03 08:30:04 [main] INFO  TestBase:109 - :: FLUSHING REPORT ::
2019-08-03 08:33:01 [main] INFO  TestBase:47 - Report path: /Users/ruslanbaltabayev/Desktop/Java Programs/Spring2019FinalTestNGFramework/test-output/reports/08_03_2019/report.html
2019-08-03 08:33:02 [main] INFO  TestBase:109 - :: FLUSHING REPORT ::
2019-08-03 08:33:30 [main] INFO  TestBase:47 - Report path: /Users/ruslanbaltabayev/Desktop/Java Programs/Spring2019FinalTestNGFramework/test-output/reports/08_03_2019/report.html
2019-08-03 08:33:33 [main] INFO  TestBase:71 - URL: http://qa2.vytrack.com/user/login
2019-08-03 08:33:45 [main] INFO  TestBase:71 - URL: http://qa2.vytrack.com/user/login
2019-08-03 08:34:01 [main] INFO  TestBase:71 - URL: http://qa2.vytrack.com/user/login
2019-08-03 08:34:14 [main] INFO  TestBase:71 - URL: http://qa2.vytrack.com/user/login
2019-08-03 08:34:17 [main] INFO  TestBase:71 - URL: http://qa2.vytrack.com/user/login
2019-08-03 08:34:17 [main] INFO  TestBase:109 - :: FLUSHING REPORT ::
2019-08-03 08:38:02 [main] INFO  TestBase:47 - Report path: /Users/ruslanbaltabayev/Desktop/Java Programs/Spring2019FinalTestNGFramework/test-output/reports/08_03_2019/report.html
2019-08-03 08:38:02 [main] INFO  TestBase:109 - :: FLUSHING REPORT ::
2019-08-03 08:42:39 [main] INFO  TestBase:47 - Report path: /Users/ruslanbaltabayev/Desktop/Java Programs/Spring2019FinalTestNGFramework/test-output/reports/08_03_2019/report.html
2019-08-03 08:42:39 [main] INFO  TestBase:109 - :: FLUSHING REPORT ::
2019-08-03 08:47:24 [main] INFO  TestBase:47 - Report path: /Users/ruslanbaltabayev/Desktop/Java Programs/Spring2019FinalTestNGFramework/test-output/reports/08_03_2019/report.html
2019-08-03 08:47:28 [main] INFO  TestBase:71 - URL: http://qa2.vytrack.com/user/login
2019-08-03 08:47:44 [main] INFO  TestBase:71 - URL: http://qa2.vytrack.com/user/login
2019-08-03 08:48:20 [main] INFO  TestBase:71 - URL: http://qa2.vytrack.com/user/login
2019-08-03 08:49:07 [main] INFO  TestBase:71 - URL: http://qa2.vytrack.com/user/login
2019-08-03 08:49:53 [main] INFO  TestBase:71 - URL: http://qa2.vytrack.com/user/login
2019-08-03 08:50:27 [main] INFO  TestBase:71 - URL: http://qa2.vytrack.com/user/login
2019-08-03 08:50:39 [main] INFO  TestBase:109 - :: FLUSHING REPORT ::
2019-08-03 08:57:29 [main] INFO  TestBase:47 - Report path: /Users/ruslanbaltabayev/Desktop/Java Programs/Spring2019FinalTestNGFramework/test-output/reports/08_03_2019/report.html
2019-08-03 08:57:32 [main] INFO  TestBase:71 - URL: http://qa2.vytrack.com/user/login
2019-08-03 08:57:48 [main] INFO  TestBase:71 - URL: http://qa2.vytrack.com/user/login
2019-08-03 08:58:04 [main] INFO  TestBase:71 - URL: http://qa2.vytrack.com/user/login
2019-08-03 08:58:15 [main] ERROR BasePage:52 - Loader mask doesn't present.
2019-08-03 08:58:20 [main] ERROR BasePage:52 - Loader mask doesn't present.
2019-08-03 08:58:22 [main] INFO  TestBase:71 - URL: http://qa2.vytrack.com/user/login
2019-08-03 08:58:25 [main] INFO  TestBase:71 - URL: http://qa2.vytrack.com/user/login
2019-08-03 08:58:26 [main] INFO  TestBase:109 - :: FLUSHING REPORT ::
2019-08-03 09:00:55 [main] INFO  TestBase:47 - Report path: /Users/ruslanbaltabayev/Desktop/Java Programs/Spring2019FinalTestNGFramework/test-output/reports/08_03_2019/report.html
2019-08-03 09:00:56 [main] INFO  TestBase:109 - :: FLUSHING REPORT ::
2019-08-03 09:10:50 [main] INFO  TestBase:47 - Report path: /Users/ruslanbaltabayev/Desktop/Java Programs/Spring2019FinalTestNGFramework/test-output/reports/08_03_2019/report.html
2019-08-03 09:10:53 [main] INFO  TestBase:71 - URL: http://qa2.vytrack.com/user/login
2019-08-03 09:11:06 [main] INFO  TestBase:71 - URL: http://qa2.vytrack.com/user/login
2019-08-03 09:11:20 [main] INFO  TestBase:71 - URL: http://qa2.vytrack.com/user/login
2019-08-03 09:11:35 [main] INFO  TestBase:71 - URL: http://qa2.vytrack.com/user/login
2019-08-03 09:11:39 [main] INFO  TestBase:71 - URL: http://qa2.vytrack.com/user/login
2019-08-03 09:11:40 [main] INFO  TestBase:109 - :: FLUSHING REPORT ::
2019-08-03 09:30:40 [main] INFO  TestBase:47 - Report path: /Users/ruslanbaltabayev/Desktop/Java Programs/Spring2019FinalTestNGFramework/test-output/reports/08_03_2019/report.html
2019-08-03 09:30:43 [main] INFO  TestBase:71 - URL: http://qa2.vytrack.com/user/login
2019-08-03 09:31:03 [main] INFO  TestBase:71 - URL: http://qa2.vytrack.com/user/login
2019-08-03 09:31:25 [main] INFO  TestBase:71 - URL: http://qa2.vytrack.com/user/login
2019-08-03 09:31:44 [main] INFO  TestBase:71 - URL: http://qa2.vytrack.com/user/login
2019-08-03 09:32:03 [main] INFO  TestBase:71 - URL: http://qa2.vytrack.com/user/login
2019-08-03 09:32:24 [main] INFO  TestBase:71 - URL: http://qa2.vytrack.com/user/login
2019-08-03 09:32:38 [main] INFO  TestBase:71 - URL: http://qa2.vytrack.com/user/login
2019-08-03 09:32:56 [main] INFO  TestBase:71 - URL: http://qa2.vytrack.com/user/login
2019-08-03 09:33:11 [main] INFO  TestBase:71 - URL: http://qa2.vytrack.com/user/login
2019-08-03 09:33:14 [main] INFO  TestBase:71 - URL: http://qa2.vytrack.com/user/login
2019-08-03 09:33:15 [main] INFO  TestBase:109 - :: FLUSHING REPORT ::
2019-08-03 09:46:06 [main] INFO  TestBase:47 - Report path: /Users/ruslanbaltabayev/Desktop/Java Programs/Spring2019FinalTestNGFramework/test-output/reports/08_03_2019/report.html
2019-08-03 09:46:12 [main] INFO  TestBase:71 - URL: http://qa2.vytrack.com/user/login
2019-08-03 09:46:38 [main] INFO  TestBase:71 - URL: http://qa2.vytrack.com/user/login
2019-08-03 09:47:03 [main] INFO  TestBase:71 - URL: http://qa2.vytrack.com/user/login
2019-08-03 09:47:21 [main] INFO  TestBase:71 - URL: http://qa2.vytrack.com/user/login
2019-08-03 09:47:40 [main] INFO  TestBase:71 - URL: http://qa2.vytrack.com/user/login
2019-08-03 09:47:45 [main] INFO  TestBase:71 - URL: http://qa2.vytrack.com/user/login
2019-08-03 09:47:46 [main] INFO  TestBase:109 - :: FLUSHING REPORT ::
2019-08-03 09:53:11 [main] INFO  TestBase:47 - Report path: /Users/ruslanbaltabayev/Desktop/Java Programs/Spring2019FinalTestNGFramework/test-output/reports/08_03_2019/report.html
2019-08-03 09:53:14 [main] INFO  TestBase:71 - URL: http://qa2.vytrack.com/user/login
2019-08-03 09:53:30 [main] INFO  TestBase:71 - URL: http://qa2.vytrack.com/user/login
2019-08-03 09:53:44 [main] INFO  TestBase:71 - URL: http://qa2.vytrack.com/user/login
2019-08-03 09:53:59 [main] INFO  TestBase:71 - URL: http://qa2.vytrack.com/user/login
2019-08-03 09:54:03 [main] INFO  TestBase:71 - URL: http://qa2.vytrack.com/user/login
2019-08-03 09:54:07 [main] INFO  TestBase:109 - :: FLUSHING REPORT ::
2019-08-03 10:02:04 [main] INFO  TestBase:47 - Report path: /Users/ruslanbaltabayev/Desktop/Java Programs/Spring2019FinalTestNGFramework/test-output/reports/08_03_2019/report.html
2019-08-03 10:02:13 [main] INFO  TestBase:71 - URL: http://qa3.vytrack.com/user/login
2019-08-03 10:02:28 [main] ERROR BasePage:52 - Loader mask doesn't present.
2019-08-03 10:02:34 [main] ERROR BasePage:52 - Loader mask doesn't present.
2019-08-03 10:02:44 [main] INFO  TestBase:71 - URL: http://qa3.vytrack.com/user/login
2019-08-03 10:03:00 [main] ERROR BasePage:52 - Loader mask doesn't present.
2019-08-03 10:03:09 [main] INFO  TestBase:71 - URL: http://qa3.vytrack.com/user/login
2019-08-03 10:03:21 [main] ERROR BasePage:52 - Loader mask doesn't present.
2019-08-03 10:03:33 [main] INFO  TestBase:71 - URL: http://qa3.vytrack.com/user/login
2019-08-03 10:03:41 [main] INFO  TestBase:71 - URL: http://qa3.vytrack.com/user/login
2019-08-03 10:03:46 [main] INFO  TestBase:71 - URL: http://qa3.vytrack.com/user/login
2019-08-03 10:04:03 [main] INFO  TestBase:71 - URL: http://qa3.vytrack.com/user/login
2019-08-03 10:04:20 [main] INFO  TestBase:71 - URL: http://qa3.vytrack.com/user/login
2019-08-03 10:04:36 [main] INFO  TestBase:71 - URL: http://qa3.vytrack.com/user/login
2019-08-03 10:04:40 [main] INFO  TestBase:71 - URL: http://qa3.vytrack.com/user/login
2019-08-03 10:04:41 [main] INFO  TestBase:109 - :: FLUSHING REPORT ::
2019-08-03 10:05:41 [main] INFO  TestBase:47 - Report path: /Users/ruslanbaltabayev/Desktop/Java Programs/Spring2019FinalTestNGFramework/test-output/reports/08_03_2019/report.html
2019-08-03 10:05:41 [main] INFO  TestBase:109 - :: FLUSHING REPORT ::
2019-08-03 10:06:00 [main] INFO  TestBase:47 - Report path: /Users/ruslanbaltabayev/Desktop/Java Programs/Spring2019FinalTestNGFramework/test-output/reports/08_03_2019/report.html
2019-08-03 10:06:00 [main] INFO  TestBase:109 - :: FLUSHING REPORT ::
2019-08-03 10:07:02 [main] INFO  TestBase:47 - Report path: /Users/ruslanbaltabayev/Desktop/Java Programs/Spring2019FinalTestNGFramework/test-output/reports/08_03_2019/report.html
2019-08-03 10:07:02 [main] INFO  TestBase:109 - :: FLUSHING REPORT ::
2019-08-03 10:08:29 [main] INFO  TestBase:47 - Report path: /Users/ruslanbaltabayev/Desktop/Java Programs/Spring2019FinalTestNGFramework/test-output/reports/08_03_2019/report.html
2019-08-03 10:08:32 [main] INFO  TestBase:71 - URL: http://qa3.vytrack.com/user/login
2019-08-03 10:08:45 [main] INFO  TestBase:109 - :: FLUSHING REPORT ::
2019-08-03 10:09:16 [main] INFO  TestBase:47 - Report path: /Users/ruslanbaltabayev/Desktop/Java Programs/Spring2019FinalTestNGFramework/test-output/reports/08_03_2019/report.html
2019-08-03 10:09:20 [main] INFO  TestBase:71 - URL: http://qa3.vytrack.com/user/login
2019-08-03 10:09:34 [main] ERROR BasePage:52 - Loader mask doesn't present.
2019-08-03 10:09:39 [main] ERROR BasePage:52 - Loader mask doesn't present.
2019-08-03 10:09:44 [main] INFO  TestBase:71 - URL: http://qa3.vytrack.com/user/login
2019-08-03 10:09:53 [main] ERROR BasePage:52 - Loader mask doesn't present.
2019-08-03 10:10:03 [main] INFO  TestBase:71 - URL: http://qa3.vytrack.com/user/login
2019-08-03 10:10:13 [main] ERROR BasePage:52 - Loader mask doesn't present.
2019-08-03 10:10:23 [main] INFO  TestBase:71 - URL: http://qa3.vytrack.com/user/login
2019-08-03 10:10:32 [main] ERROR BasePage:52 - Loader mask doesn't present.
2019-08-03 10:10:41 [main] INFO  TestBase:71 - URL: http://qa3.vytrack.com/user/login
2019-08-03 10:10:47 [main] INFO  TestBase:71 - URL: http://qa3.vytrack.com/user/login
2019-08-03 10:10:51 [main] INFO  TestBase:71 - URL: http://qa3.vytrack.com/user/login
2019-08-03 10:11:06 [main] INFO  TestBase:71 - URL: http://qa3.vytrack.com/user/login
2019-08-03 10:11:21 [main] INFO  TestBase:71 - URL: http://qa3.vytrack.com/user/login
2019-08-03 10:11:35 [main] INFO  TestBase:71 - URL: http://qa3.vytrack.com/user/login
2019-08-03 10:11:50 [main] INFO  TestBase:71 - URL: http://qa3.vytrack.com/user/login
2019-08-03 10:11:53 [main] INFO  TestBase:71 - URL: http://qa3.vytrack.com/user/login
2019-08-03 10:11:54 [main] INFO  TestBase:109 - :: FLUSHING REPORT ::
2019-08-03 10:44:43 [main] INFO  TestBase:71 - URL: http://qa3.vytrack.com/user/login
2019-08-03 10:44:43 [main] INFO  TestBase:109 - :: FLUSHING REPORT ::
2019-08-03 10:45:41 [main] INFO  TestBase:109 - :: FLUSHING REPORT ::
2019-08-03 10:50:50 [main] INFO  TestBase:48 - Report path: /Users/ruslanbaltabayev/Desktop/Java Programs/Spring2019FinalTestNGFramework/test-outputreports/08_03_2019/report.html
2019-08-03 10:50:54 [main] INFO  TestBase:72 - URL: http://qa3.vytrack.com/user/login
2019-08-03 10:51:01 [main] ERROR BasePage:52 - Loader mask doesn't present.
2019-08-03 10:51:05 [main] INFO  TestBase:110 - :: FLUSHING REPORT ::
2019-08-03 10:51:17 [main] INFO  TestBase:48 - Report path: /Users/ruslanbaltabayev/Desktop/Java Programs/Spring2019FinalTestNGFramework/test-outputreports/08_03_2019/report.html
2019-08-03 10:51:20 [main] INFO  TestBase:72 - URL: http://qa3.vytrack.com/user/login
2019-08-03 10:51:21 [main] INFO  TestBase:110 - :: FLUSHING REPORT ::
2019-08-03 10:52:47 [main] INFO  TestBase:48 - Report path: /Users/ruslanbaltabayev/Desktop/Java Programs/Spring2019FinalTestNGFramework/test-outputreports/08_03_2019/report.html
2019-08-03 10:52:50 [main] INFO  TestBase:72 - URL: http://qa3.vytrack.com/user/login
2019-08-03 10:53:06 [main] INFO  TestBase:72 - URL: http://qa3.vytrack.com/user/login
2019-08-03 10:53:20 [main] INFO  TestBase:72 - URL: http://qa3.vytrack.com/user/login
2019-08-03 10:53:33 [main] INFO  TestBase:72 - URL: http://qa3.vytrack.com/user/login
2019-08-03 10:53:37 [main] INFO  TestBase:72 - URL: http://qa3.vytrack.com/user/login
2019-08-03 10:53:40 [main] INFO  TestBase:72 - URL: http://qa3.vytrack.com/user/login
2019-08-03 10:53:41 [main] INFO  TestBase:110 - :: FLUSHING REPORT ::
2019-08-03 10:55:11 [main] INFO  TestBase:48 - Report path: /Users/ruslanbaltabayev/Desktop/Java Programs/Spring2019FinalTestNGFramework/test-outputreports/08_03_2019/report.html
2019-08-03 10:55:14 [main] INFO  TestBase:72 - URL: http://qa3.vytrack.com/user/login
2019-08-03 10:55:15 [main] INFO  TestBase:110 - :: FLUSHING REPORT ::
2019-08-03 10:56:05 [main] INFO  TestBase:48 - Report path: /Users/ruslanbaltabayev/Desktop/Java Programs/Spring2019FinalTestNGFramework/test-output/reports/08_03_2019/report.html
2019-08-03 10:56:08 [main] INFO  TestBase:72 - URL: http://qa3.vytrack.com/user/login
2019-08-03 10:56:22 [main] INFO  TestBase:72 - URL: http://qa3.vytrack.com/user/login
2019-08-03 10:56:35 [main] INFO  TestBase:72 - URL: http://qa3.vytrack.com/user/login
2019-08-03 10:56:48 [main] INFO  TestBase:72 - URL: http://qa3.vytrack.com/user/login
2019-08-03 10:56:51 [main] INFO  TestBase:72 - URL: http://qa3.vytrack.com/user/login
2019-08-03 10:56:54 [main] INFO  TestBase:72 - URL: http://qa3.vytrack.com/user/login
2019-08-03 10:56:55 [main] INFO  TestBase:110 - :: FLUSHING REPORT ::
2019-08-03 10:59:14 [main] INFO  TestBase:48 - Report path: /Users/ruslanbaltabayev/Desktop/Java Programs/Spring2019FinalTestNGFramework/test-output/reports/08_03_2019/report.html
2019-08-03 10:59:19 [main] INFO  TestBase:72 - URL: http://qa3.vytrack.com/user/login
2019-08-03 10:59:26 [main] ERROR BasePage:52 - Loader mask doesn't present.
2019-08-03 10:59:34 [main] INFO  TestBase:72 - URL: http://qa3.vytrack.com/user/login
2019-08-03 10:59:42 [main] ERROR BasePage:52 - Loader mask doesn't present.
2019-08-03 10:59:50 [main] INFO  TestBase:72 - URL: http://qa3.vytrack.com/user/login
2019-08-03 10:59:57 [main] ERROR BasePage:52 - Loader mask doesn't present.
2019-08-03 11:00:05 [main] INFO  TestBase:72 - URL: http://qa3.vytrack.com/user/login
2019-08-03 11:00:13 [main] ERROR BasePage:52 - Loader mask doesn't present.
2019-08-03 11:00:21 [main] INFO  TestBase:72 - URL: http://qa3.vytrack.com/user/login
2019-08-03 11:00:27 [main] INFO  TestBase:72 - URL: http://qa3.vytrack.com/user/login
2019-08-03 11:00:30 [main] INFO  TestBase:72 - URL: http://qa3.vytrack.com/user/login
2019-08-03 11:00:43 [main] INFO  TestBase:72 - URL: http://qa3.vytrack.com/user/login
2019-08-03 11:00:56 [main] INFO  TestBase:72 - URL: http://qa3.vytrack.com/user/login
2019-08-03 11:01:09 [main] INFO  TestBase:72 - URL: http://qa3.vytrack.com/user/login
2019-08-03 11:01:22 [main] INFO  TestBase:72 - URL: http://qa3.vytrack.com/user/login
2019-08-03 11:01:25 [main] INFO  TestBase:72 - URL: http://qa3.vytrack.com/user/login
2019-08-03 11:01:25 [main] INFO  TestBase:110 - :: FLUSHING REPORT ::
2019-08-03 11:37:23 [main] INFO  TestBase:48 - Report path: /Users/ruslanbaltabayev/Desktop/Java Programs/Spring2019FinalTestNGFramework/test-output/reports/08_03_2019/report.html
2019-08-03 11:37:26 [main] INFO  TestBase:72 - URL: http://qa3.vytrack.com/user/login
2019-08-03 11:37:41 [main] INFO  TestBase:72 - URL: http://qa3.vytrack.com/user/login
2019-08-03 11:37:55 [main] INFO  TestBase:72 - URL: http://qa3.vytrack.com/user/login
2019-08-03 11:38:09 [main] INFO  TestBase:72 - URL: http://qa3.vytrack.com/user/login
2019-08-03 11:38:25 [main] ERROR BasePage:52 - Loader mask doesn't present.
2019-08-03 11:38:30 [main] ERROR BasePage:52 - Loader mask doesn't present.
2019-08-03 11:38:33 [main] INFO  TestBase:72 - URL: http://qa3.vytrack.com/user/login
2019-08-03 11:38:36 [main] INFO  TestBase:72 - URL: http://qa3.vytrack.com/user/login
2019-08-03 11:38:42 [main] INFO  TestBase:110 - :: FLUSHING REPORT ::
2019-08-03 11:48:22 [main] INFO  TestBase:48 - Report path: /Users/ruslanbaltabayev/Desktop/Java Programs/Spring2019FinalTestNGFramework/test-output/reports/08_03_2019/report.html
2019-08-03 11:48:30 [main] INFO  TestBase:72 - URL: http://qa3.vytrack.com/user/login
2019-08-03 11:48:54 [main] ERROR BasePage:73 - Failed to click on :: Activities
2019-08-03 11:48:54 [main] ERROR BasePage:74 - org.openqa.selenium.TimeoutException: Expected condition failed: waiting for element to be clickable: By.xpath: //span[normalize-space()='Activities' and contains(@class, 'title title-level-1')] (tried for 8 second(s) with 500 milliseconds interval)
Build info: version: '3.141.59', revision: 'e82be7d358', time: '2018-11-14T08:17:03'
System info: host: 'Ruslans-MacBook-Pro.local', ip: '2601:600:8080:11d8:0:0:0:6fb9%en0', os.name: 'Mac OS X', os.arch: 'x86_64', os.version: '10.14.5', java.version: '11.0.1'
Driver info: org.openqa.selenium.chrome.ChromeDriver
Capabilities {acceptInsecureCerts: false, browserName: chrome, browserVersion: 75.0.3770.142, chrome: {chromedriverVersion: 75.0.3770.8 (681f24ea911fe7..., userDataDir: /var/folders/ht/90p7sh15201...}, goog:chromeOptions: {debuggerAddress: localhost:52605}, javascriptEnabled: true, networkConnectionEnabled: false, pageLoadStrategy: normal, platform: MAC, platformName: MAC, proxy: Proxy(), setWindowRect: true, strictFileInteractability: false, timeouts: {implicit: 0, pageLoad: 300000, script: 30000}, unhandledPromptBehavior: dismiss and notify}
Session ID: 1383aa625e03650d2414be21a8806a3a
2019-08-03 11:49:03 [main] ERROR BasePage:83 - Failed to click on :: Calendar Events
2019-08-03 11:49:03 [main] ERROR BasePage:84 - org.openqa.selenium.TimeoutException: Expected condition failed: waiting for visibility of element located by By.xpath: //span[normalize-space()='Calendar Events' and contains(@class, 'title title-level-2')] (tried for 8 second(s) with 500 milliseconds interval)
Build info: version: '3.141.59', revision: 'e82be7d358', time: '2018-11-14T08:17:03'
System info: host: 'Ruslans-MacBook-Pro.local', ip: '2601:600:8080:11d8:0:0:0:6fb9%en0', os.name: 'Mac OS X', os.arch: 'x86_64', os.version: '10.14.5', java.version: '11.0.1'
Driver info: org.openqa.selenium.chrome.ChromeDriver
Capabilities {acceptInsecureCerts: false, browserName: chrome, browserVersion: 75.0.3770.142, chrome: {chromedriverVersion: 75.0.3770.8 (681f24ea911fe7..., userDataDir: /var/folders/ht/90p7sh15201...}, goog:chromeOptions: {debuggerAddress: localhost:52605}, javascriptEnabled: true, networkConnectionEnabled: false, pageLoadStrategy: normal, platform: MAC, platformName: MAC, proxy: Proxy(), setWindowRect: true, strictFileInteractability: false, timeouts: {implicit: 0, pageLoad: 300000, script: 30000}, unhandledPromptBehavior: dismiss and notify}
Session ID: 1383aa625e03650d2414be21a8806a3a
2019-08-03 11:50:01 [main] ERROR BasePage:52 - Loader mask doesn't present.
2019-08-03 11:50:18 [main] INFO  TestBase:72 - URL: http://qa3.vytrack.com/user/login
2019-08-03 11:51:06 [main] ERROR BasePage:83 - Failed to click on :: Calendar Events
2019-08-03 11:51:06 [main] ERROR BasePage:84 - org.openqa.selenium.TimeoutException: Expected condition failed: waiting for visibility of element located by By.xpath: //span[normalize-space()='Calendar Events' and contains(@class, 'title title-level-2')] (tried for 8 second(s) with 500 milliseconds interval)
Build info: version: '3.141.59', revision: 'e82be7d358', time: '2018-11-14T08:17:03'
System info: host: 'Ruslans-MacBook-Pro.local', ip: '2601:600:8080:11d8:0:0:0:6fb9%en0', os.name: 'Mac OS X', os.arch: 'x86_64', os.version: '10.14.5', java.version: '11.0.1'
Driver info: org.openqa.selenium.chrome.ChromeDriver
Capabilities {acceptInsecureCerts: false, browserName: chrome, browserVersion: 75.0.3770.142, chrome: {chromedriverVersion: 75.0.3770.8 (681f24ea911fe7..., userDataDir: /var/folders/ht/90p7sh15201...}, goog:chromeOptions: {debuggerAddress: localhost:52664}, javascriptEnabled: true, networkConnectionEnabled: false, pageLoadStrategy: normal, platform: MAC, platformName: MAC, proxy: Proxy(), setWindowRect: true, strictFileInteractability: false, timeouts: {implicit: 0, pageLoad: 300000, script: 30000}, unhandledPromptBehavior: dismiss and notify}
Session ID: ea945ec362de1a2663f5d0505a3553c4
2019-08-03 11:51:17 [main] ERROR BasePage:52 - Loader mask doesn't present.
2019-08-03 11:51:27 [main] INFO  TestBase:72 - URL: http://qa3.vytrack.com/user/login
2019-08-03 11:52:14 [main] ERROR BasePage:52 - Loader mask doesn't present.
2019-08-03 11:52:20 [main] INFO  TestBase:72 - URL: http://qa3.vytrack.com/user/login
2019-08-03 11:53:01 [main] ERROR BasePage:52 - Loader mask doesn't present.
2019-08-03 11:53:09 [main] INFO  TestBase:72 - URL: http://qa3.vytrack.com/user/login
2019-08-03 11:53:36 [main] INFO  TestBase:48 - Report path: /Users/ruslanbaltabayev/Desktop/Java Programs/Spring2019FinalTestNGFramework/test-output/reports/08_03_2019/report.html
2019-08-03 11:53:38 [main] INFO  TestBase:72 - URL: http://qa2.vytrack.com/user/login
2019-08-03 11:54:07 [main] INFO  TestBase:72 - URL: http://qa2.vytrack.com/user/login
2019-08-03 11:54:42 [main] ERROR BasePage:52 - Loader mask doesn't present.
2019-08-03 11:54:45 [main] INFO  TestBase:72 - URL: http://qa2.vytrack.com/user/login
2019-08-03 11:55:39 [main] INFO  TestBase:48 - Report path: /Users/ruslanbaltabayev/Desktop/Java Programs/Spring2019FinalTestNGFramework/test-output/reports/08_03_2019/report.html
2019-08-03 11:55:41 [main] INFO  TestBase:72 - URL: http://qa1.vytrack.com/user/login
2019-08-03 11:55:59 [main] INFO  TestBase:72 - URL: http://qa1.vytrack.com/user/login
2019-08-03 11:56:11 [main] ERROR BasePage:52 - Loader mask doesn't present.
2019-08-03 11:56:14 [main] INFO  TestBase:72 - URL: http://qa1.vytrack.com/user/login
2019-08-03 11:56:30 [main] ERROR BasePage:83 - Failed to click on :: Calendar Events
2019-08-03 11:56:30 [main] ERROR BasePage:84 - org.openqa.selenium.TimeoutException: Expected condition failed: waiting for visibility of element located by By.xpath: //span[normalize-space()='Calendar Events' and contains(@class, 'title title-level-2')] (tried for 8 second(s) with 500 milliseconds interval)
Build info: version: '3.141.59', revision: 'e82be7d358', time: '2018-11-14T08:17:03'
System info: host: 'Ruslans-MacBook-Pro.local', ip: '2601:600:8080:11d8:0:0:0:6fb9%en0', os.name: 'Mac OS X', os.arch: 'x86_64', os.version: '10.14.5', java.version: '11.0.1'
Driver info: org.openqa.selenium.chrome.ChromeDriver
Capabilities {acceptInsecureCerts: false, browserName: chrome, browserVersion: 75.0.3770.142, chrome: {chromedriverVersion: 75.0.3770.8 (681f24ea911fe7..., userDataDir: /var/folders/ht/90p7sh15201...}, goog:chromeOptions: {debuggerAddress: localhost:53068}, javascriptEnabled: true, networkConnectionEnabled: false, pageLoadStrategy: normal, platform: MAC, platformName: MAC, proxy: Proxy(), setWindowRect: true, strictFileInteractability: false, timeouts: {implicit: 0, pageLoad: 300000, script: 30000}, unhandledPromptBehavior: dismiss and notify}
Session ID: 2ac24b9219afb2dd87333bd7d37899ec
2019-08-03 11:57:29 [main] ERROR BasePage:52 - Loader mask doesn't present.
2019-08-03 11:57:37 [main] INFO  TestBase:72 - URL: http://qa1.vytrack.com/user/login
2019-08-03 11:58:20 [main] ERROR BasePage:52 - Loader mask doesn't present.
2019-08-03 11:58:23 [main] INFO  TestBase:72 - URL: http://qa1.vytrack.com/user/login
2019-08-03 11:58:38 [main] ERROR BasePage:73 - Failed to click on :: Activities
2019-08-03 11:58:38 [main] ERROR BasePage:74 - org.openqa.selenium.TimeoutException: Expected condition failed: waiting for element to be clickable: By.xpath: //span[normalize-space()='Activities' and contains(@class, 'title title-level-1')] (tried for 8 second(s) with 500 milliseconds interval)
Build info: version: '3.141.59', revision: 'e82be7d358', time: '2018-11-14T08:17:03'
System info: host: 'Ruslans-MacBook-Pro.local', ip: '2601:600:8080:11d8:0:0:0:6fb9%en0', os.name: 'Mac OS X', os.arch: 'x86_64', os.version: '10.14.5', java.version: '11.0.1'
Driver info: org.openqa.selenium.chrome.ChromeDriver
Capabilities {acceptInsecureCerts: false, browserName: chrome, browserVersion: 75.0.3770.142, chrome: {chromedriverVersion: 75.0.3770.8 (681f24ea911fe7..., userDataDir: /var/folders/ht/90p7sh15201...}, goog:chromeOptions: {debuggerAddress: localhost:53155}, javascriptEnabled: true, networkConnectionEnabled: false, pageLoadStrategy: normal, platform: MAC, platformName: MAC, proxy: Proxy(), setWindowRect: true, strictFileInteractability: false, timeouts: {implicit: 0, pageLoad: 300000, script: 30000}, unhandledPromptBehavior: dismiss and notify}
Session ID: a9817fe82581c92c093f5905f2905da1
2019-08-03 11:58:47 [main] ERROR BasePage:83 - Failed to click on :: Calendar Events
2019-08-03 11:58:47 [main] ERROR BasePage:84 - org.openqa.selenium.TimeoutException: Expected condition failed: waiting for visibility of element located by By.xpath: //span[normalize-space()='Calendar Events' and contains(@class, 'title title-level-2')] (tried for 8 second(s) with 500 milliseconds interval)
Build info: version: '3.141.59', revision: 'e82be7d358', time: '2018-11-14T08:17:03'
System info: host: 'Ruslans-MacBook-Pro.local', ip: '2601:600:8080:11d8:0:0:0:6fb9%en0', os.name: 'Mac OS X', os.arch: 'x86_64', os.version: '10.14.5', java.version: '11.0.1'
Driver info: org.openqa.selenium.chrome.ChromeDriver
Capabilities {acceptInsecureCerts: false, browserName: chrome, browserVersion: 75.0.3770.142, chrome: {chromedriverVersion: 75.0.3770.8 (681f24ea911fe7..., userDataDir: /var/folders/ht/90p7sh15201...}, goog:chromeOptions: {debuggerAddress: localhost:53155}, javascriptEnabled: true, networkConnectionEnabled: false, pageLoadStrategy: normal, platform: MAC, platformName: MAC, proxy: Proxy(), setWindowRect: true, strictFileInteractability: false, timeouts: {implicit: 0, pageLoad: 300000, script: 30000}, unhandledPromptBehavior: dismiss and notify}
Session ID: a9817fe82581c92c093f5905f2905da1
2019-08-03 11:59:03 [main] INFO  TestBase:48 - Report path: /Users/ruslanbaltabayev/Desktop/Java Programs/Spring2019FinalTestNGFramework/test-output/reports/08_03_2019/report.html
2019-08-03 11:59:05 [main] INFO  TestBase:72 - URL: http://qa1.vytrack.com/user/login
2019-08-03 11:59:23 [main] INFO  TestBase:72 - URL: http://qa1.vytrack.com/user/login
2019-08-03 12:00:14 [main] INFO  TestBase:72 - URL: http://qa1.vytrack.com/user/login
2019-08-03 12:00:41 [main] ERROR BasePage:83 - Failed to click on :: Calendar Events
2019-08-03 12:00:41 [main] ERROR BasePage:84 - org.openqa.selenium.TimeoutException: Expected condition failed: waiting for visibility of element located by By.xpath: //span[normalize-space()='Calendar Events' and contains(@class, 'title title-level-2')] (tried for 8 second(s) with 500 milliseconds interval)
Build info: version: '3.141.59', revision: 'e82be7d358', time: '2018-11-14T08:17:03'
System info: host: 'Ruslans-MacBook-Pro.local', ip: '2601:600:8080:11d8:0:0:0:6fb9%en0', os.name: 'Mac OS X', os.arch: 'x86_64', os.version: '10.14.5', java.version: '11.0.1'
Driver info: org.openqa.selenium.chrome.ChromeDriver
Capabilities {acceptInsecureCerts: false, browserName: chrome, browserVersion: 75.0.3770.142, chrome: {chromedriverVersion: 75.0.3770.8 (681f24ea911fe7..., userDataDir: /var/folders/ht/90p7sh15201...}, goog:chromeOptions: {debuggerAddress: localhost:53294}, javascriptEnabled: true, networkConnectionEnabled: false, pageLoadStrategy: normal, platform: MAC, platformName: MAC, proxy: Proxy(), setWindowRect: true, strictFileInteractability: false, timeouts: {implicit: 0, pageLoad: 300000, script: 30000}, unhandledPromptBehavior: dismiss and notify}
Session ID: 14588f0ae28c83204719f76cb8058da5
2019-08-03 12:00:56 [main] ERROR BasePage:52 - Loader mask doesn't present.
2019-08-03 12:00:59 [main] INFO  TestBase:72 - URL: http://qa1.vytrack.com/user/login
2019-08-03 12:02:42 [main] INFO  TestBase:48 - Report path: /Users/ruslanbaltabayev/Desktop/Java Programs/Spring2019FinalTestNGFramework/test-output/reports/08_03_2019/report.html
2019-08-03 12:02:45 [main] INFO  TestBase:72 - URL: http://qa3.vytrack.com/user/login
2019-08-03 12:03:05 [main] INFO  TestBase:72 - URL: http://qa3.vytrack.com/user/login
2019-08-03 12:03:24 [main] INFO  TestBase:72 - URL: http://qa3.vytrack.com/user/login
2019-08-03 12:03:41 [main] INFO  TestBase:72 - URL: http://qa3.vytrack.com/user/login
2019-08-03 12:04:03 [main] INFO  TestBase:72 - URL: http://qa3.vytrack.com/user/login
2019-08-03 12:04:20 [main] INFO  TestBase:72 - URL: http://qa3.vytrack.com/user/login
2019-08-03 12:04:33 [main] INFO  TestBase:72 - URL: http://qa3.vytrack.com/user/login
2019-08-03 12:04:46 [main] INFO  TestBase:72 - URL: http://qa3.vytrack.com/user/login
2019-08-03 12:04:59 [main] INFO  TestBase:72 - URL: http://qa3.vytrack.com/user/login
2019-08-03 12:05:02 [main] INFO  TestBase:72 - URL: http://qa3.vytrack.com/user/login
2019-08-03 12:05:03 [main] INFO  TestBase:110 - :: FLUSHING REPORT ::
2019-08-03 12:06:17 [main] INFO  TestBase:48 - Report path: /Users/ruslanbaltabayev/Desktop/Java Programs/Spring2019FinalTestNGFramework/test-output/reports/08_03_2019/report.html
2019-08-03 12:06:20 [main] INFO  TestBase:72 - URL: http://qa3.vytrack.com/user/login
2019-08-03 12:06:37 [main] INFO  TestBase:72 - URL: http://qa3.vytrack.com/user/login
2019-08-03 12:06:57 [main] INFO  TestBase:72 - URL: http://qa3.vytrack.com/user/login
2019-08-03 12:07:16 [main] INFO  TestBase:72 - URL: http://qa3.vytrack.com/user/login
2019-08-03 12:07:37 [main] INFO  TestBase:72 - URL: http://qa3.vytrack.com/user/login
2019-08-03 12:07:54 [main] INFO  TestBase:72 - URL: http://qa3.vytrack.com/user/login
2019-08-03 12:08:07 [main] INFO  TestBase:72 - URL: http://qa3.vytrack.com/user/login
2019-08-03 12:08:21 [main] INFO  TestBase:72 - URL: http://qa3.vytrack.com/user/login
2019-08-03 12:08:34 [main] INFO  TestBase:72 - URL: http://qa3.vytrack.com/user/login
2019-08-03 12:08:37 [main] INFO  TestBase:72 - URL: http://qa3.vytrack.com/user/login
2019-08-03 12:08:38 [main] INFO  TestBase:110 - :: FLUSHING REPORT ::
2019-08-03 12:13:45 [main] INFO  TestBase:48 - Report path: /Users/ruslanbaltabayev/Desktop/Java Programs/Spring2019FinalTestNGFramework/test-output/reports/08_03_2019/report.html
2019-08-03 12:13:47 [main] INFO  TestBase:72 - URL: http://qa1.vytrack.com/user/login
2019-08-03 12:14:27 [main] ERROR BasePage:52 - Loader mask doesn't present.
2019-08-03 12:14:30 [main] INFO  TestBase:72 - URL: http://qa1.vytrack.com/user/login
2019-08-03 12:15:14 [main] ERROR BasePage:52 - Loader mask doesn't present.
2019-08-03 12:15:17 [main] INFO  TestBase:72 - URL: http://qa1.vytrack.com/user/login
2019-08-03 12:15:33 [main] INFO  TestBase:72 - URL: http://qa1.vytrack.com/user/login
2019-08-03 12:15:51 [main] INFO  TestBase:72 - URL: http://qa1.vytrack.com/user/login
2019-08-03 12:16:09 [main] INFO  TestBase:72 - URL: http://qa1.vytrack.com/user/login
2019-08-03 12:16:25 [main] ERROR BasePage:52 - Loader mask doesn't present.
2019-08-03 12:16:32 [main] INFO  TestBase:72 - URL: http://qa1.vytrack.com/user/login
2019-08-03 12:16:42 [main] ERROR BasePage:52 - Loader mask doesn't present.
2019-08-03 12:16:52 [main] INFO  TestBase:72 - URL: http://qa1.vytrack.com/user/login
2019-08-03 12:17:11 [main] ERROR BasePage:52 - Loader mask doesn't present.
2019-08-03 12:17:16 [main] INFO  TestBase:72 - URL: http://qa1.vytrack.com/user/login
2019-08-03 12:17:24 [main] INFO  TestBase:72 - URL: http://qa1.vytrack.com/user/login
2019-08-03 12:17:25 [main] INFO  TestBase:110 - :: FLUSHING REPORT ::
2019-08-03 12:18:55 [main] INFO  TestBase:48 - Report path: /Users/ruslanbaltabayev/Desktop/Java Programs/Spring2019FinalTestNGFramework/test-output/reports/08_03_2019/report.html
2019-08-03 12:18:57 [main] INFO  TestBase:72 - URL: http://qa1.vytrack.com/user/login
2019-08-03 12:19:13 [main] INFO  TestBase:72 - URL: http://qa1.vytrack.com/user/login
2019-08-03 12:19:34 [main] INFO  TestBase:72 - URL: http://qa1.vytrack.com/user/login
2019-08-03 12:19:51 [main] INFO  TestBase:72 - URL: http://qa1.vytrack.com/user/login
2019-08-03 12:20:10 [main] INFO  TestBase:72 - URL: http://qa1.vytrack.com/user/login
2019-08-03 12:20:28 [main] INFO  TestBase:72 - URL: http://qa1.vytrack.com/user/login
2019-08-03 12:20:40 [main] INFO  TestBase:72 - URL: http://qa1.vytrack.com/user/login
2019-08-03 12:20:53 [main] INFO  TestBase:72 - URL: http://qa1.vytrack.com/user/login
2019-08-03 12:21:05 [main] INFO  TestBase:72 - URL: http://qa1.vytrack.com/user/login
2019-08-03 12:21:08 [main] INFO  TestBase:72 - URL: http://qa1.vytrack.com/user/login
2019-08-03 12:21:08 [main] INFO  TestBase:110 - :: FLUSHING REPORT ::
2019-08-03 12:34:50 [main] INFO  TestBase:48 - Report path: /Users/ruslanbaltabayev/Desktop/Java Programs/Spring2019FinalTestNGFramework/test-output/reports/08_03_2019/report.html
2019-08-03 12:34:52 [main] INFO  TestBase:72 - URL: http://qa1.vytrack.com/user/login
2019-08-03 12:35:01 [main] ERROR BasePage:52 - Loader mask doesn't present.
2019-08-03 12:35:03 [main] INFO  TestBase:110 - :: FLUSHING REPORT ::
2019-08-03 12:36:30 [main] INFO  TestBase:48 - Report path: /Users/ruslanbaltabayev/Desktop/Java Programs/Spring2019FinalTestNGFramework/test-output/reports/08_03_2019/report.html
2019-08-03 12:36:33 [main] INFO  TestBase:72 - URL: http://qa1.vytrack.com/user/login
2019-08-03 12:36:45 [main] INFO  TestBase:72 - URL: http://qa1.vytrack.com/user/login
2019-08-03 12:36:56 [main] INFO  TestBase:110 - :: FLUSHING REPORT ::
